<?xml version="1.0" encoding="UTF-8"?>
<!-- Generated by org.testng.reporters.JUnitReportReporter -->
<testsuite hostname="DESKTOP-GRUJ0M8" failures="0" tests="2" name="runners.MyTestRunner2" time="18.864" errors="0" timestamp="2024-11-23T09:21:37 IST" skipped="0">
  <testcase classname="runners.MyTestRunner2" name="runScenario" time="9.337">
    <system-out>
      <![CDATA[Setting the text of the element:=By.id: loginusername with data:=bharathedu2
Setting the text of the element:=By.id: loginpassword with data:=welcome1
Clicking on the element with locator:=By.xpath: //button[text()='Log in']]]>
    </system-out>
  </testcase> <!-- runScenario -->
  <testcase classname="runners.MyTestRunner2" name="runScenario" time="9.527">
    <system-out>
      <![CDATA[Setting the text of the element:=By.id: loginusername with data:=bharathedu1
Setting the text of the element:=By.id: loginpassword with data:=123456
Clicking on the element with locator:=By.xpath: //button[text()='Log in']]]>
    </system-out>
  </testcase> <!-- runScenario -->
  <system-out>
    <![CDATA[Setting the text of the element:=By.id: loginusername with data:=bharathedu1
Setting the text of the element:=By.id: loginpassword with data:=123456
Clicking on the element with locator:=By.xpath: //button[text()='Log in']
Setting the text of the element:=By.id: loginusername with data:=bharathedu1
Setting the text of the element:=By.id: loginpassword with data:=123456343
Clicking on the element with locator:=By.xpath: //button[text()='Log in']
Setting the text of the element:=By.id: loginusername with data:=bharathedu1
Setting the text of the element:=By.id: loginpassword with data:=123456
Clicking on the element with locator:=By.xpath: //button[text()='Log in']
Setting the text of the element:=By.id: loginusername with data:=bharathedu2
Setting the text of the element:=By.id: loginpassword with data:=welcome1
Clicking on the element with locator:=By.xpath: //button[text()='Log in']]]>
  </system-out>
</testsuite> <!-- runners.MyTestRunner2 -->
